<?xml version="1.0" encoding="utf-8"?><testsuites name="pytest tests"><testsuite name="pytest" errors="0" failures="0" skipped="0" tests="24" time="3.355" timestamp="2026-07-25T07:44:55.782122+00:00" hostname="agent-env-262635a5-2017-45fe-a859-f941d95dbab3"><testcase classname="tests.test_category_system" name="test_admin_login" time="0.366" /><testcase classname="tests.test_category_system" name="test_public_categories_only_enabled" time="0.049" /><testcase classname="tests.test_category_system" name="test_products_categories_matches_admin" time="0.086" /><testcase classname="tests.test_category_system" name="test_expected_names_present" time="0.042" /><testcase classname="tests.test_category_system" name="test_duplicate_name_case_insensitive" time="0.311" /><testcase classname="tests.test_category_system" name="test_duplicate_name_with_whitespace" time="0.049" /><testcase classname="tests.test_category_system" name="test_empty_name_rejected[]" time="0.046" /><testcase classname="tests.test_category_system" name="test_empty_name_rejected[   ]" time="0.045" /><testcase classname="tests.test_category_system" name="test_empty_name_rejected[\t]" time="0.043" /><testcase classname="tests.test_category_system" name="test_create_fresh_category_then_delete" time="0.173" /><testcase classname="tests.test_category_system" name="test_autolink_on_create" time="0.304" /><testcase classname="tests.test_category_system" name="test_product_filter_exact_and_lower" time="0.084" /><testcase classname="tests.test_category_system" name="test_bowl_mill_components_count" time="0.045" /><testcase classname="tests.test_category_system" name="test_rename_cascade" time="0.263" /><testcase classname="tests.test_category_system" name="test_rename_clash_409" time="0.087" /><testcase classname="tests.test_category_system" name="test_disable_hides_from_public" time="0.292" /><testcase classname="tests.test_category_system" name="test_delete_category_preserves_products" time="0.298" /><testcase classname="tests.test_category_system" name="test_cleanup_idempotent" time="0.049" /><testcase classname="tests.test_category_system" name="test_rbac_no_token" time="0.170" /><testcase classname="tests.test_category_system" name="test_rbac_bad_token" time="0.042" /><testcase classname="tests.test_category_system" name="test_regression_total_products" time="0.065" /><testcase classname="tests.test_category_system" name="test_regression_materials" time="0.049" /><testcase classname="tests.test_category_system" name="test_regression_videos" time="0.045" /><testcase classname="tests.test_category_system" name="test_regression_guest_rfq" time="0.046" /></testsuite></testsuites>