<?xml version="1.0" encoding="utf-8"?><testsuites name="pytest tests"><testsuite name="pytest" errors="0" failures="0" skipped="0" tests="12" time="3.426" timestamp="2026-07-29T15:16:57.515231+00:00" hostname="agent-env-262635a5-2017-45fe-a859-f941d95dbab3"><testcase classname="tests.test_iteration6_final_qa" name="test_A_login" time="0.655" /><testcase classname="tests.test_iteration6_final_qa" name="test_B_public_endpoints_200[/company]" time="0.230" /><testcase classname="tests.test_iteration6_final_qa" name="test_B_public_endpoints_200[/products]" time="0.276" /><testcase classname="tests.test_iteration6_final_qa" name="test_B_public_endpoints_200[/categories]" time="0.116" /><testcase classname="tests.test_iteration6_final_qa" name="test_B_public_endpoints_200[/materials]" time="0.125" /><testcase classname="tests.test_iteration6_final_qa" name="test_B_public_endpoints_200[/media]" time="0.197" /><testcase classname="tests.test_iteration6_final_qa" name="test_B_public_endpoints_200[/media/videos]" time="0.130" /><testcase classname="tests.test_iteration6_final_qa" name="test_C1_upload_video_saves_to_library" time="0.245" /><testcase classname="tests.test_iteration6_final_qa" name="test_C2_patch_media_all_fields" time="0.111" /><testcase classname="tests.test_iteration6_final_qa" name="test_C3_media_videos_reflects_patch" time="0.128" /><testcase classname="tests.test_iteration6_final_qa" name="test_C4_patch_clear_thumbnail" time="0.341" /><testcase classname="tests.test_iteration6_final_qa" name="test_D_delete_media_and_file" time="0.555" /></testsuite></testsuites>