<?xml version="1.0" encoding="utf-8"?><testsuites name="pytest tests"><testsuite name="pytest" errors="0" failures="0" skipped="0" tests="11" time="2.744" timestamp="2026-07-25T12:18:12.610680+00:00" hostname="agent-env-262635a5-2017-45fe-a859-f941d95dbab3"><testcase classname="tests.test_media_library" name="test_01_login_returns_admin" time="0.541" /><testcase classname="tests.test_media_library" name="test_02_media_list_baseline" time="0.108" /><testcase classname="tests.test_media_library" name="test_03_upload_saves_to_library" time="0.302" /><testcase classname="tests.test_media_library" name="test_04_media_list_contains_new_item" time="0.094" /><testcase classname="tests.test_media_library" name="test_05_patch_media" time="0.091" /><testcase classname="tests.test_media_library" name="test_06_media_replace_removes_old_file" time="0.489" /><testcase classname="tests.test_media_library" name="test_07_delete_media_cleans_up" time="0.292" /><testcase classname="tests.test_media_library" name="test_08_regression_public_endpoints[/products]" time="0.114" /><testcase classname="tests.test_media_library" name="test_08_regression_public_endpoints[/categories]" time="0.127" /><testcase classname="tests.test_media_library" name="test_08_regression_public_endpoints[/materials]" time="0.102" /><testcase classname="tests.test_media_library" name="test_08_regression_public_endpoints[/company]" time="0.130" /></testsuite></testsuites>