<?xml version="1.0" encoding="utf-8"?><testsuites name="pytest tests"><testsuite name="pytest" errors="0" failures="0" skipped="0" tests="39" time="13.990" timestamp="2026-07-23T09:56:51.049960+00:00" hostname="agent-env-262635a5-2017-45fe-a859-f941d95dbab3"><testcase classname="tests.test_phase2_cms.TestMaterials" name="test_list_seeded_materials" time="0.251" /><testcase classname="tests.test_phase2_cms.TestMaterials" name="test_get_material_with_products" time="0.290" /><testcase classname="tests.test_phase2_cms.TestMaterials" name="test_sales_cannot_create_material" time="0.310" /><testcase classname="tests.test_phase2_cms.TestProductsExtended" name="test_patch_product" time="1.120" /><testcase classname="tests.test_phase2_cms.TestMaterials" name="test_admin_can_create_update_delete_material" time="0.639" /><testcase classname="tests.test_phase2_cms.TestProductsExtended" name="test_duplicate_product" time="0.156" /><testcase classname="tests.test_phase2_cms.TestProductsExtended" name="test_toggle_featured" time="0.091" /><testcase classname="tests.test_phase2_cms.TestProductsExtended" name="test_toggle_enabled_and_archived" time="0.099" /><testcase classname="tests.test_phase2_cms.TestProductsExtended" name="test_toggle_invalid_field" time="0.044" /><testcase classname="tests.test_phase2_cms.TestMaterials" name="test_delete_material_pulls_from_products" time="0.454" /><testcase classname="tests.test_phase2_cms.TestProductsExtended" name="test_sales_cannot_create_product" time="0.392" /><testcase classname="tests.test_phase2_cms.TestCustomers" name="test_list_customers_with_rfq_count" time="0.048" /><testcase classname="tests.test_phase2_cms.TestCustomers" name="test_customer_search" time="0.257" /><testcase classname="tests.test_phase2_cms.TestCustomers" name="test_customer_status_change_but_role_immutable" time="0.348" /><testcase classname="tests.test_phase2_cms.TestPhase2Auth" name="test_super_admin_login" time="0.303" /><testcase classname="tests.test_phase2_cms.TestPhase2Auth" name="test_admin_login" time="0.000" /><testcase classname="tests.test_phase2_cms.TestPhase2Auth" name="test_sales_executive_login" time="0.000" /><testcase classname="tests.test_phase2_cms.TestPhase2Auth" name="test_customer_login" time="0.264" /><testcase classname="tests.test_phase2_cms.TestStaff" name="test_admin_cannot_create_staff" time="0.083" /><testcase classname="tests.test_phase2_cms.TestCustomers" name="test_sales_can_view_customers" time="0.088" /><testcase classname="tests.test_phase2_cms.TestStaff" name="test_super_admin_staff_crud" time="0.926" /><testcase classname="tests.test_phase2_cms.TestCategories" name="test_list_seeded_categories" time="0.216" /><testcase classname="tests.test_phase2_cms.TestCategories" name="test_sales_cannot_create_category" time="0.044" /><testcase classname="tests.test_phase2_cms.TestCategories" name="test_admin_category_crud" time="0.579" /><testcase classname="tests.test_phase2_cms.TestCompanyCMS" name="test_sales_cannot_update_company" time="0.044" /><testcase classname="tests.test_phase2_cms.TestStaff" name="test_cannot_delete_self" time="0.164" /><testcase classname="tests.test_phase2_cms.TestCompanyCMS" name="test_admin_update_company" time="0.088" /><testcase classname="tests.test_phase2_cms.TestNews" name="test_news_crud_and_filter" time="0.273" /><testcase classname="tests.test_phase2_cms.TestCSVBulk" name="test_sales_cannot_import" time="0.081" /><testcase classname="tests.test_phase2_cms.TestCSVBulk" name="test_admin_import_csv_with_skip" time="0.044" /><testcase classname="tests.test_phase2_cms.TestCSVBulk" name="test_export_csv_staff" time="0.046" /><testcase classname="tests.test_phase2_cms.TestInquiries" name="test_public_inquiry_creation" time="0.093" /><testcase classname="tests.test_phase2_cms.TestNews" name="test_sales_cannot_create_news" time="0.057" /><testcase classname="tests.test_phase2_cms.TestInquiries" name="test_admin_list_and_patch_inquiry" time="0.390" /><testcase classname="tests.test_phase2_cms.TestEnhancedRFQ" name="test_sales_can_update_rfq_full" time="0.440" /><testcase classname="tests.test_phase2_cms.TestAuditLogs" name="test_sales_cannot_view_audit" time="0.040" /><testcase classname="tests.test_phase2_cms.TestAuditLogs" name="test_audit_entry_appears" time="2.754" /><testcase classname="tests.test_phase2_cms.TestEnhancedRFQ" name="test_customer_cannot_use_admin_rfq_patch" time="0.088" /><testcase classname="tests.test_phase2_cms.TestAIDocsAndChat" name="test_ai_doc_crud_and_chat_still_works" time="9.153" /></testsuite></testsuites>