<?xml version="1.0" encoding="utf-8"?><testsuites name="pytest tests"><testsuite name="pytest" errors="0" failures="0" skipped="0" tests="35" time="38.196" timestamp="2026-07-24T14:37:33.970865+00:00" hostname="agent-env-262635a5-2017-45fe-a859-f941d95dbab3"><testcase classname="tests.test_phase3_polish.TestAuthAdmin" name="test_login_new_admin_ok" time="0.896" /><testcase classname="tests.test_phase3_polish.TestAuthAdmin" name="test_old_staff_accounts_gone[admin@thermalcasting.com-Admin@123]" time="0.055" /><testcase classname="tests.test_phase3_polish.TestAuthAdmin" name="test_old_staff_accounts_gone[superadmin@thermalcasting.com-Super@123]" time="0.052" /><testcase classname="tests.test_phase3_polish.TestAuthAdmin" name="test_old_staff_accounts_gone[sales@thermalcasting.com-Sales@123]" time="0.063" /><testcase classname="tests.test_phase3_polish.TestAuthAdmin" name="test_customer_register_still_works" time="0.691" /><testcase classname="tests.test_phase3_polish.TestAuthAdmin" name="test_me_no_password_no_session_id" time="0.708" /><testcase classname="tests.test_phase3_polish.TestSessions" name="test_current_session_visible" time="0.340" /><testcase classname="tests.test_phase3_polish.TestSessions" name="test_session_limit_10" time="3.192" /><testcase classname="tests.test_phase3_polish.TestSessions" name="test_list_sessions_excludes_revoked" time="0.352" /><testcase classname="tests.test_phase3_polish.TestSessions" name="test_delete_specific_session" time="0.784" /><testcase classname="tests.test_phase3_polish.TestSessions" name="test_logout_others" time="0.734" /><testcase classname="tests.test_phase3_polish.TestSessions" name="test_logout_current" time="0.451" /><testcase classname="tests.test_phase3_polish.TestChangePassword" name="test_wrong_current_password" time="0.603" /><testcase classname="tests.test_phase3_polish.TestChangePassword" name="test_mismatched_confirm" time="0.343" /><testcase classname="tests.test_phase3_polish.TestChangePassword" name="test_same_as_current" time="0.354" /><testcase classname="tests.test_phase3_polish.TestChangePassword" name="test_too_short" time="0.328" /><testcase classname="tests.test_phase3_polish.TestChangePassword" name="test_change_success_and_revoke_others_and_reset" time="2.300" /><testcase classname="tests.test_phase3_polish.TestUploads" name="test_upload_requires_auth" time="0.157" /><testcase classname="tests.test_phase3_polish.TestUploads" name="test_upload_requires_admin_role" time="0.411" /><testcase classname="tests.test_phase3_polish.TestUploads" name="test_upload_png_success_and_serve_and_delete" time="0.745" /><testcase classname="tests.test_phase3_polish.TestUploads" name="test_upload_rejects_bad_type" time="0.375" /><testcase classname="tests.test_phase3_polish.TestUploads" name="test_upload_rejects_empty" time="0.393" /><testcase classname="tests.test_phase3_polish.TestRegression" name="test_products_count" time="0.052" /><testcase classname="tests.test_phase3_polish.TestRegression" name="test_materials_count" time="0.334" /><testcase classname="tests.test_phase3_polish.TestRegression" name="test_categories_count" time="0.330" /><testcase classname="tests.test_phase3_polish.TestRegression" name="test_media_videos" time="0.067" /><testcase classname="tests.test_phase3_polish.TestRegression" name="test_guest_rfq" time="0.057" /><testcase classname="tests.test_phase3_polish.TestRegression" name="test_ai_chat" time="20.382" /><testcase classname="tests.test_phase3_polish.TestAdminRBAC" name="test_admin_can_create_material" time="0.421" /><testcase classname="tests.test_phase3_polish.TestAdminRBAC" name="test_admin_can_create_category" time="0.394" /><testcase classname="tests.test_phase3_polish.TestAdminRBAC" name="test_admin_can_create_news" time="0.381" /><testcase classname="tests.test_phase3_polish.TestAdminRBAC" name="test_admin_can_read_company" time="0.330" /><testcase classname="tests.test_phase3_polish.TestAdminRBAC" name="test_admin_can_read_audit" time="0.330" /><testcase classname="tests.test_phase3_polish.TestAdminRBAC" name="test_admin_cannot_create_staff" time="0.333" /><testcase classname="tests.test_phase3_polish.TestAdminRBAC" name="test_admin_cannot_delete_staff" time="0.384" /></testsuite></testsuites>