<?xml version="1.0" encoding="utf-8"?><testsuites name="pytest tests"><testsuite name="pytest" errors="0" failures="0" skipped="0" tests="65" time="19.619" timestamp="2026-07-23T09:57:09.693117+00:00" hostname="agent-env-262635a5-2017-45fe-a859-f941d95dbab3"><testcase classname="tests.test_thermal_casting_backend.TestProducts" name="test_list_products" time="0.126" /><testcase classname="tests.test_thermal_casting_backend.TestProducts" name="test_categories" time="0.266" /><testcase classname="tests.test_thermal_casting_backend.TestProducts" name="test_filter_by_category" time="0.044" /><testcase classname="tests.test_thermal_casting_backend.TestProducts" name="test_search_products" time="0.043" /><testcase classname="tests.test_phase2_cms.TestProductsExtended" name="test_patch_product" time="0.652" /><testcase classname="tests.test_thermal_casting_backend.TestProducts" name="test_get_product_by_id_with_media" time="0.093" /><testcase classname="tests.test_thermal_casting_backend.TestProducts" name="test_get_product_404" time="0.045" /><testcase classname="tests.test_thermal_casting_backend.TestRFQ" name="test_guest_rfq_creation" time="0.087" /><testcase classname="tests.test_phase2_cms.TestProductsExtended" name="test_duplicate_product" time="0.332" /><testcase classname="tests.test_thermal_casting_backend.TestRFQ" name="test_authenticated_rfq_links_user" time="0.316" /><testcase classname="tests.test_phase2_cms.TestProductsExtended" name="test_toggle_featured" time="0.366" /><testcase classname="tests.test_thermal_casting_backend.TestRFQ" name="test_my_rfqs" time="0.049" /><testcase classname="tests.test_phase2_cms.TestProductsExtended" name="test_toggle_enabled_and_archived" time="0.190" /><testcase classname="tests.test_thermal_casting_backend.TestRFQ" name="test_all_rfqs_admin_only" time="0.414" /><testcase classname="tests.test_thermal_casting_backend.TestRFQ" name="test_get_rfq_permission" time="0.689" /><testcase classname="tests.test_phase2_cms.TestProductsExtended" name="test_toggle_invalid_field" time="0.095" /><testcase classname="tests.test_phase2_cms.TestProductsExtended" name="test_sales_cannot_create_product" time="0.606" /><testcase classname="tests.test_thermal_casting_backend.TestRFQ" name="test_update_rfq_admin_only" time="0.382" /><testcase classname="tests.test_thermal_casting_backend.TestAuth" name="test_admin_login" time="0.284" /><testcase classname="tests.test_thermal_casting_backend.TestAuth" name="test_customer_login" time="0.286" /><testcase classname="tests.test_phase2_cms.TestMaterials" name="test_list_seeded_materials" time="0.239" /><testcase classname="tests.test_phase2_cms.TestMaterials" name="test_get_material_with_products" time="0.289" /><testcase classname="tests.test_thermal_casting_backend.TestAuth" name="test_login_invalid" time="0.302" /><testcase classname="tests.test_thermal_casting_backend.TestAuth" name="test_register_and_me" time="0.644" /><testcase classname="tests.test_phase2_cms.TestMaterials" name="test_sales_cannot_create_material" time="0.493" /><testcase classname="tests.test_phase2_cms.TestMaterials" name="test_admin_can_create_update_delete_material" time="0.263" /><testcase classname="tests.test_thermal_casting_backend.TestAuth" name="test_me_no_token" time="0.055" /><testcase classname="tests.test_phase2_cms.TestMaterials" name="test_delete_material_pulls_from_products" time="0.657" /><testcase classname="tests.test_phase2_cms.TestPhase2Auth" name="test_super_admin_login" time="0.327" /><testcase classname="tests.test_phase2_cms.TestPhase2Auth" name="test_admin_login" time="0.000" /><testcase classname="tests.test_phase2_cms.TestPhase2Auth" name="test_sales_executive_login" time="0.000" /><testcase classname="tests.test_phase2_cms.TestPhase2Auth" name="test_customer_login" time="0.324" /><testcase classname="tests.test_phase2_cms.TestCategories" name="test_list_seeded_categories" time="0.071" /><testcase classname="tests.test_phase2_cms.TestCustomers" name="test_list_customers_with_rfq_count" time="0.092" /><testcase classname="tests.test_phase2_cms.TestCategories" name="test_sales_cannot_create_category" time="0.063" /><testcase classname="tests.test_phase2_cms.TestCustomers" name="test_customer_search" time="0.047" /><testcase classname="tests.test_phase2_cms.TestCategories" name="test_admin_category_crud" time="0.262" /><testcase classname="tests.test_phase2_cms.TestCustomers" name="test_customer_status_change_but_role_immutable" time="0.140" /><testcase classname="tests.test_phase2_cms.TestCustomers" name="test_sales_can_view_customers" time="0.050" /><testcase classname="tests.test_phase2_cms.TestCSVBulk" name="test_sales_cannot_import" time="0.045" /><testcase classname="tests.test_phase2_cms.TestStaff" name="test_admin_cannot_create_staff" time="0.063" /><testcase classname="tests.test_phase2_cms.TestCSVBulk" name="test_admin_import_csv_with_skip" time="0.047" /><testcase classname="tests.test_phase2_cms.TestCSVBulk" name="test_export_csv_staff" time="0.048" /><testcase classname="tests.test_phase2_cms.TestStaff" name="test_super_admin_staff_crud" time="1.080" /><testcase classname="tests.test_thermal_casting_backend.TestMedia" name="test_list_media" time="0.229" /><testcase classname="tests.test_thermal_casting_backend.TestMedia" name="test_videos" time="0.047" /><testcase classname="tests.test_thermal_casting_backend.TestMedia" name="test_filter_brochures" time="0.055" /><testcase classname="tests.test_phase2_cms.TestCompanyCMS" name="test_sales_cannot_update_company" time="0.046" /><testcase classname="tests.test_phase2_cms.TestCompanyCMS" name="test_admin_update_company" time="0.304" /><testcase classname="tests.test_phase2_cms.TestNews" name="test_news_crud_and_filter" time="0.534" /><testcase classname="tests.test_phase2_cms.TestStaff" name="test_cannot_delete_self" time="0.126" /><testcase classname="tests.test_thermal_casting_backend.TestAdmin" name="test_stats_admin_only" time="0.119" /><testcase classname="tests.test_phase2_cms.TestNews" name="test_sales_cannot_create_news" time="0.046" /><testcase classname="tests.test_phase2_cms.TestEnhancedRFQ" name="test_sales_can_update_rfq_full" time="0.094" /><testcase classname="tests.test_thermal_casting_backend.TestAdmin" name="test_wp_status" time="0.158" /><testcase classname="tests.test_phase2_cms.TestEnhancedRFQ" name="test_customer_cannot_use_admin_rfq_patch" time="0.131" /><testcase classname="tests.test_thermal_casting_backend.TestAdmin" name="test_wp_sync_graceful" time="0.078" /><testcase classname="tests.test_phase2_cms.TestInquiries" name="test_public_inquiry_creation" time="0.044" /><testcase classname="tests.test_phase2_cms.TestAuditLogs" name="test_sales_cannot_view_audit" time="0.095" /><testcase classname="tests.test_phase2_cms.TestInquiries" name="test_admin_list_and_patch_inquiry" time="0.133" /><testcase classname="tests.test_phase2_cms.TestAuditLogs" name="test_audit_entry_appears" time="0.688" /><testcase classname="tests.test_thermal_casting_backend.TestHealthAndCompany" name="test_health" time="0.045" /><testcase classname="tests.test_thermal_casting_backend.TestHealthAndCompany" name="test_company_profile" time="0.044" /><testcase classname="tests.test_phase2_cms.TestAIDocsAndChat" name="test_ai_doc_crud_and_chat_still_works" time="6.693" /><testcase classname="tests.test_thermal_casting_backend.TestAIChat" name="test_ai_chat_grounded" time="5.338" /></testsuite></testsuites>